<?xml version="1.0" encoding="UTF-8"?>
<robot generator="Robot 6.0.2 (Python 3.10.4 on win32)" generated="20230131 15:26:39.241" rpa="false" schemaversion="3">
<suite id="s1" name="Valid Login Test" source="C:\Users\40032114\assignment2\1__login_suite\02__valid_login_test.robot">
<test id="s1-t1" name="Valid Login Test" line="15">
<kw name="Launch Browser And Navigate To Url" library="common_functionalities" type="SETUP">
<kw name="Open Browser" library="SeleniumLibrary">
<arg>browser=${BROWSER_NAME}</arg>
<doc>Opens a new browser instance to the optional ``url``.</doc>
<msg timestamp="20230131 15:26:41.238" level="INFO">Opening browser 'chrome' to base url 'None'.</msg>
<status status="PASS" starttime="20230131 15:26:41.238" endtime="20230131 15:26:45.768"/>
</kw>
<kw name="Maximize Browser Window" library="SeleniumLibrary">
<doc>Maximizes current browser window.</doc>
<status status="PASS" starttime="20230131 15:26:45.769" endtime="20230131 15:26:45.924"/>
</kw>
<kw name="Set Selenium Implicit Wait" library="SeleniumLibrary">
<arg>20s</arg>
<doc>Sets the implicit wait value used by Selenium.</doc>
<status status="PASS" starttime="20230131 15:26:45.925" endtime="20230131 15:26:45.939"/>
</kw>
<kw name="Go To" library="SeleniumLibrary">
<arg>url=${URL}</arg>
<doc>Navigates the current browser window to the provided ``url``.</doc>
<msg timestamp="20230131 15:26:45.941" level="INFO">Opening url 'https://www.boat-lifestyle.com/'</msg>
<status status="PASS" starttime="20230131 15:26:45.940" endtime="20230131 15:26:54.203"/>
</kw>
<status status="PASS" starttime="20230131 15:26:41.238" endtime="20230131 15:26:54.204"/>
</kw>
<kw name="Valid Login Template">
<arg>kentanicmario09@gmail.com</arg>
<arg>12345Abcd*</arg>
<arg>You have not placed any orders yet.</arg>
<kw name="Click Element" library="SeleniumLibrary">
<arg>xpath=//img[@src="https://cdn.shopify.com/s/files/1/0057/8938/4802/files/Profile-1.png?v=1663762989"]</arg>
<doc>Click the element identified by ``locator``.</doc>
<msg timestamp="20230131 15:26:54.209" level="INFO">Clicking element 'xpath=//img[@src="https://cdn.shopify.com/s/files/1/0057/8938/4802/files/Profile-1.png?v=1663762989"]'.</msg>
<status status="PASS" starttime="20230131 15:26:54.205" endtime="20230131 15:26:54.941"/>
</kw>
<kw name="Click Element" library="SeleniumLibrary">
<arg>link=Login</arg>
<doc>Click the element identified by ``locator``.</doc>
<msg timestamp="20230131 15:26:54.943" level="INFO">Clicking element 'link=Login'.</msg>
<status status="PASS" starttime="20230131 15:26:54.941" endtime="20230131 15:26:57.815"/>
</kw>
<kw name="Input Text" library="SeleniumLibrary">
<arg>name:customer[email]</arg>
<arg>${username}</arg>
<doc>Types the given ``text`` into the text field identified by ``locator``.</doc>
<msg timestamp="20230131 15:26:57.817" level="INFO">Typing text 'kentanicmario09@gmail.com' into text field 'name:customer[email]'.</msg>
<status status="PASS" starttime="20230131 15:26:57.816" endtime="20230131 15:26:58.146"/>
</kw>
<kw name="Input Password" library="SeleniumLibrary">
<arg>name:customer[password]</arg>
<arg>${password}</arg>
<doc>Types the given password into the text field identified by ``locator``.</doc>
<msg timestamp="20230131 15:26:58.148" level="INFO">Typing password into text field 'name:customer[password]'.</msg>
<msg timestamp="20230131 15:26:58.293" level="INFO">Temporally setting log level to: NONE</msg>
<msg timestamp="20230131 15:26:58.456" level="INFO">Log level changed from NONE to INFO.</msg>
<status status="PASS" starttime="20230131 15:26:58.147" endtime="20230131 15:26:58.457"/>
</kw>
<kw name="Click Element" library="SeleniumLibrary">
<arg>xpath=//span[@class="loader-button__text"]</arg>
<doc>Click the element identified by ``locator``.</doc>
<msg timestamp="20230131 15:26:58.461" level="INFO">Clicking element 'xpath=//span[@class="loader-button__text"]'.</msg>
<status status="PASS" starttime="20230131 15:26:58.458" endtime="20230131 15:26:58.658"/>
</kw>
<kw name="Element Should Contain" library="SeleniumLibrary">
<arg>xpath=//p[contains(@class,'text--subdued')]</arg>
<arg>${expected_header}</arg>
<doc>Verifies that element ``locator`` contains text ``expected``.</doc>
<msg timestamp="20230131 15:27:02.589" level="INFO">Element 'xpath=//p[contains(@class,'text--subdued')]' contains text 'You have not placed any orders yet.'.</msg>
<status status="PASS" starttime="20230131 15:26:58.659" endtime="20230131 15:27:02.589"/>
</kw>
<status status="PASS" starttime="20230131 15:26:54.204" endtime="20230131 15:27:02.590"/>
</kw>
<kw name="Close Browser" library="SeleniumLibrary" type="TEARDOWN">
<doc>Closes the current browser.</doc>
<status status="PASS" starttime="20230131 15:27:02.591" endtime="20230131 15:27:05.143"/>
</kw>
<status status="PASS" starttime="20230131 15:26:41.238" endtime="20230131 15:27:05.143"/>
</test>
<test id="s1-t2" name="Valid Login Test" line="15">
<kw name="Launch Browser And Navigate To Url" library="common_functionalities" type="SETUP">
<kw name="Open Browser" library="SeleniumLibrary">
<arg>browser=${BROWSER_NAME}</arg>
<doc>Opens a new browser instance to the optional ``url``.</doc>
<msg timestamp="20230131 15:27:05.149" level="INFO">Opening browser 'chrome' to base url 'None'.</msg>
<status status="PASS" starttime="20230131 15:27:05.149" endtime="20230131 15:27:07.206"/>
</kw>
<kw name="Maximize Browser Window" library="SeleniumLibrary">
<doc>Maximizes current browser window.</doc>
<status status="PASS" starttime="20230131 15:27:07.207" endtime="20230131 15:27:07.329"/>
</kw>
<kw name="Set Selenium Implicit Wait" library="SeleniumLibrary">
<arg>20s</arg>
<doc>Sets the implicit wait value used by Selenium.</doc>
<status status="PASS" starttime="20230131 15:27:07.330" endtime="20230131 15:27:07.338"/>
</kw>
<kw name="Go To" library="SeleniumLibrary">
<arg>url=${URL}</arg>
<doc>Navigates the current browser window to the provided ``url``.</doc>
<msg timestamp="20230131 15:27:07.341" level="INFO">Opening url 'https://www.boat-lifestyle.com/'</msg>
<status status="PASS" starttime="20230131 15:27:07.340" endtime="20230131 15:27:23.994"/>
</kw>
<status status="PASS" starttime="20230131 15:27:05.149" endtime="20230131 15:27:23.994"/>
</kw>
<kw name="Valid Login Template">
<arg>KENTANICMARIO09@GMAIL.COM</arg>
<arg>12345Abcd*</arg>
<arg>You have not placed any orders yet.</arg>
<kw name="Click Element" library="SeleniumLibrary">
<arg>xpath=//img[@src="https://cdn.shopify.com/s/files/1/0057/8938/4802/files/Profile-1.png?v=1663762989"]</arg>
<doc>Click the element identified by ``locator``.</doc>
<msg timestamp="20230131 15:27:23.999" level="INFO">Clicking element 'xpath=//img[@src="https://cdn.shopify.com/s/files/1/0057/8938/4802/files/Profile-1.png?v=1663762989"]'.</msg>
<status status="PASS" starttime="20230131 15:27:23.997" endtime="20230131 15:27:24.520"/>
</kw>
<kw name="Click Element" library="SeleniumLibrary">
<arg>link=Login</arg>
<doc>Click the element identified by ``locator``.</doc>
<msg timestamp="20230131 15:27:24.523" level="INFO">Clicking element 'link=Login'.</msg>
<status status="PASS" starttime="20230131 15:27:24.521" endtime="20230131 15:27:27.345"/>
</kw>
<kw name="Input Text" library="SeleniumLibrary">
<arg>name:customer[email]</arg>
<arg>${username}</arg>
<doc>Types the given ``text`` into the text field identified by ``locator``.</doc>
<msg timestamp="20230131 15:27:27.347" level="INFO">Typing text 'KENTANICMARIO09@GMAIL.COM' into text field 'name:customer[email]'.</msg>
<status status="PASS" starttime="20230131 15:27:27.346" endtime="20230131 15:27:27.633"/>
</kw>
<kw name="Input Password" library="SeleniumLibrary">
<arg>name:customer[password]</arg>
<arg>${password}</arg>
<doc>Types the given password into the text field identified by ``locator``.</doc>
<msg timestamp="20230131 15:27:27.635" level="INFO">Typing password into text field 'name:customer[password]'.</msg>
<msg timestamp="20230131 15:27:27.700" level="INFO">Temporally setting log level to: NONE</msg>
<msg timestamp="20230131 15:27:27.814" level="INFO">Log level changed from NONE to INFO.</msg>
<status status="PASS" starttime="20230131 15:27:27.634" endtime="20230131 15:27:27.815"/>
</kw>
<kw name="Click Element" library="SeleniumLibrary">
<arg>xpath=//span[@class="loader-button__text"]</arg>
<doc>Click the element identified by ``locator``.</doc>
<msg timestamp="20230131 15:27:27.817" level="INFO">Clicking element 'xpath=//span[@class="loader-button__text"]'.</msg>
<status status="PASS" starttime="20230131 15:27:27.816" endtime="20230131 15:27:27.968"/>
</kw>
<kw name="Element Should Contain" library="SeleniumLibrary">
<arg>xpath=//p[contains(@class,'text--subdued')]</arg>
<arg>${expected_header}</arg>
<doc>Verifies that element ``locator`` contains text ``expected``.</doc>
<msg timestamp="20230131 15:27:32.011" level="INFO">Element 'xpath=//p[contains(@class,'text--subdued')]' contains text 'You have not placed any orders yet.'.</msg>
<status status="PASS" starttime="20230131 15:27:27.969" endtime="20230131 15:27:32.011"/>
</kw>
<status status="PASS" starttime="20230131 15:27:23.996" endtime="20230131 15:27:32.013"/>
</kw>
<kw name="Close Browser" library="SeleniumLibrary" type="TEARDOWN">
<doc>Closes the current browser.</doc>
<status status="PASS" starttime="20230131 15:27:32.013" endtime="20230131 15:27:35.477"/>
</kw>
<status status="PASS" starttime="20230131 15:27:05.146" endtime="20230131 15:27:35.477"/>
</test>
<doc>This file contains test cases related to invalid login</doc>
<status status="PASS" starttime="20230131 15:26:39.254" endtime="20230131 15:27:35.479"/>
</suite>
<statistics>
<total>
<stat pass="2" fail="0" skip="0">All Tests</stat>
</total>
<tag>
</tag>
<suite>
<stat pass="2" fail="0" skip="0" id="s1" name="Valid Login Test">Valid Login Test</stat>
</suite>
</statistics>
<errors>
<msg timestamp="20230131 15:27:05.145" level="WARN">Multiple tests with name 'Valid Login Test' executed in suite 'Valid Login Test'.</msg>
</errors>
</robot>
